<?xml version="1.0" encoding="UTF-8"?>
<testng-results ignored="0" total="1" passed="1" failed="0" skipped="0">
  <reporter-output>
    <line>
      <![CDATA[woodenstreet page successfully displayed]]>
    </line>
  </reporter-output>
  <suite started-at="2022-07-29T15:16:48 IST" name="Default suite" finished-at="2022-07-29T15:16:55 IST" duration-ms="6487">
    <groups>
    </groups>
    <test started-at="2022-07-29T15:16:48 IST" name="Default test" finished-at="2022-07-29T15:16:55 IST" duration-ms="6487">
      <class name="task2.TC_2_Test">
        <test-method is-config="true" signature="launchbrowser()[pri:0, instance:task2.TC_2_Test@649bec2e]" started-at="2022-07-29T15:16:48 IST" name="launchbrowser" finished-at="2022-07-29T15:16:51 IST" duration-ms="3013" status="PASS">
          <reporter-output>
          </reporter-output>
        </test-method> <!-- launchbrowser -->
        <test-method signature="wooden()[pri:0, instance:task2.TC_2_Test@649bec2e]" started-at="2022-07-29T15:16:51 IST" name="wooden" finished-at="2022-07-29T15:16:54 IST" duration-ms="3234" status="PASS">
          <reporter-output>
            <line>
              <![CDATA[woodenstreet page successfully displayed]]>
            </line>
          </reporter-output>
        </test-method> <!-- wooden -->
        <test-method is-config="true" signature="browser_tear_down(org.testng.ITestResult)[pri:0, instance:task2.TC_2_Test@649bec2e]" started-at="2022-07-29T15:16:54 IST" name="browser_tear_down" finished-at="2022-07-29T15:16:55 IST" duration-ms="162" status="PASS">
          <params>
            <param index="0">
              <value>
                <![CDATA[[TestResult name=wooden status=SUCCESS method=TC_2_Test.wooden()[pri:0, instance:task2.TC_2_Test@649bec2e] output=woodenstreet page successfully displayed]]]>
              </value>
            </param>
          </params>
          <reporter-output>
          </reporter-output>
        </test-method> <!-- browser_tear_down -->
      </class> <!-- task2.TC_2_Test -->
    </test> <!-- Default test -->
  </suite> <!-- Default suite -->
</testng-results>
